{"name": "test_add[1-2-31]", "status": "failed", "statusDetails": {"message": "AssertionError: assert '12' == '3'\n  - 3\n  + 12", "trace": "a = '1', b = '2', c = '3'\n\n    @pytest.mark.parametrize('a, b, c', [(1, 2, 3), (4, 5, 9), ('1', '2', '3')])\n    def test_add(a, b, c):\n        print(f'\\na,b,c的值:{a},{b},{c}')\n        print('{0}+{1}={2}'.format(a, b, add(a, b)))\n>       assert add(a, b) == c\nE       AssertionError: assert '12' == '3'\nE         - 3\nE         + 12\n\ntestcase\\test_add.py:14: AssertionError"}, "attachments": [{"name": "stdout", "source": "11236627-c5ac-43fa-acaf-adde3c9e82d3-attachment.txt", "type": "text/plain"}], "parameters": [{"name": "a", "value": "'1'"}, {"name": "b", "value": "'2'"}, {"name": "c", "value": "'3'"}], "start": 1638603252661, "stop": 1638603252682, "uuid": "f209740e-b87b-4beb-ae0e-bfb5ffa4982f", "historyId": "0ffd7f338f4764806dff2e46e26f2818", "testCaseId": "bb15dfbc6e969494abee143e148c71b2", "fullName": "testcase.test_add#test_add", "labels": [{"name": "parentSuite", "value": "testcase"}, {"name": "suite", "value": "test_add"}, {"name": "host", "value": "PC-20190615RHNE"}, {"name": "thread", "value": "7884-MainThread"}, {"name": "framework", "value": "pytest"}, {"name": "language", "value": "cpython3"}, {"name": "package", "value": "testcase.test_add"}]}